# JRE version: Java(TM) SE Runtime Environment (8.0_221-b11) (build 1.8.0_221-b11)
# Java VM: Java HotSpot(TM) 64-Bit Server VM (25.221-b11 mixed mode windows-amd64 compressed oops)
Heap:
 PSYoungGen      total 238080K, used 210792K [0x00000000d5580000, 0x00000000e6d80000, 0x0000000100000000)
  eden space 200704K, 99% used [0x00000000d5580000,0x00000000e1962138,0x00000000e1980000)
  from space 37376K, 27% used [0x00000000e4900000,0x00000000e52f8218,0x00000000e6d80000)
  to   space 43008K, 0% used [0x00000000e1980000,0x00000000e1980000,0x00000000e4380000)
 ParOldGen       total 246784K, used 89717K [0x0000000080000000, 0x000000008f100000, 0x00000000d5580000)
  object space 246784K, 36% used [0x0000000080000000,0x000000008579d5f0,0x000000008f100000)
 Metaspace       used 95113K, capacity 100252K, committed 100992K, reserved 1136640K
  class space    used 12619K, capacity 13484K, committed 13696K, reserved 1048576K
GC Heap History (10 events):
Event: 1882.187 GC heap before
{Heap before GC invocations=22 (full 3):
 PSYoungGen      total 229376K, used 224034K [0x00000000d5580000, 0x00000000e5c00000, 0x0000000100000000)
  eden space 199168K, 100% used [0x00000000d5580000,0x00000000e1800000,0x00000000e1800000)
  from space 30208K, 82% used [0x00000000e3e80000,0x00000000e56c8860,0x00000000e5c00000)
  to   space 34816K, 0% used [0x00000000e1800000,0x00000000e1800000,0x00000000e3a00000)
 ParOldGen       total 140800K, used 64514K [0x0000000080000000, 0x0000000088980000, 0x00000000d5580000)
  object space 140800K, 45% used [0x0000000080000000,0x0000000083f00b88,0x0000000088980000)
 Metaspace       used 92004K, capacity 97402K, committed 97664K, reserved 1134592K
  class space    used 12492K, capacity 13391K, committed 13440K, reserved 1048576K
Event: 1882.224 GC heap after
Heap after GC invocations=22 (full 3):
 PSYoungGen      total 211456K, used 18191K [0x00000000d5580000, 0x00000000e5400000, 0x0000000100000000)
  eden space 193024K, 0% used [0x00000000d5580000,0x00000000d5580000,0x00000000e1200000)
  from space 18432K, 98% used [0x00000000e1800000,0x00000000e29c3d68,0x00000000e2a00000)
  to   space 33792K, 0% used [0x00000000e3300000,0x00000000e3300000,0x00000000e5400000)
 ParOldGen       total 140800K, used 64522K [0x0000000080000000, 0x0000000088980000, 0x00000000d5580000)
  object space 140800K, 45% used [0x0000000080000000,0x0000000083f02b88,0x0000000088980000)
 Metaspace       used 92004K, capacity 97402K, committed 97664K, reserved 1134592K
  class space    used 12492K, capacity 13391K, committed 13440K, reserved 1048576K
}
Event: 1883.043 GC heap before
{Heap before GC invocations=23 (full 3):
 PSYoungGen      total 211456K, used 180468K [0x00000000d5580000, 0x00000000e5400000, 0x0000000100000000)
  eden space 193024K, 84% used [0x00000000d5580000,0x00000000df3f9550,0x00000000e1200000)
  from space 18432K, 98% used [0x00000000e1800000,0x00000000e29c3d68,0x00000000e2a00000)
  to   space 33792K, 0% used [0x00000000e3300000,0x00000000e3300000,0x00000000e5400000)
 ParOldGen       total 140800K, used 64522K [0x0000000080000000, 0x0000000088980000, 0x00000000d5580000)
  object space 140800K, 45% used [0x0000000080000000,0x0000000083f02b88,0x0000000088980000)
 Metaspace       used 93015K, capacity 98472K, committed 98560K, reserved 1134592K
  class space    used 12534K, capacity 13480K, committed 13568K, reserved 1048576K
Event: 1883.080 GC heap after
Heap after GC invocations=23 (full 3):
 PSYoungGen      total 215552K, used 33790K [0x00000000d5580000, 0x00000000e8000000, 0x0000000100000000)
  eden space 181760K, 0% used [0x00000000d5580000,0x00000000d5580000,0x00000000e0700000)
  from space 33792K, 99% used [0x00000000e3300000,0x00000000e53ffbf0,0x00000000e5400000)
  to   space 45056K, 0% used [0x00000000e0700000,0x00000000e0700000,0x00000000e3300000)
 ParOldGen       total 140800K, used 81626K [0x0000000080000000, 0x0000000088980000, 0x00000000d5580000)
  object space 140800K, 57% used [0x0000000080000000,0x0000000084fb69c0,0x0000000088980000)
 Metaspace       used 93015K, capacity 98472K, committed 98560K, reserved 1134592K
  class space    used 12534K, capacity 13480K, committed 13568K, reserved 1048576K
}
Event: 1883.080 GC heap before
{Heap before GC invocations=24 (full 4):
 PSYoungGen      total 215552K, used 33790K [0x00000000d5580000, 0x00000000e8000000, 0x0000000100000000)
  eden space 181760K, 0% used [0x00000000d5580000,0x00000000d5580000,0x00000000e0700000)
  from space 33792K, 99% used [0x00000000e3300000,0x00000000e53ffbf0,0x00000000e5400000)
  to   space 45056K, 0% used [0x00000000e0700000,0x00000000e0700000,0x00000000e3300000)
 ParOldGen       total 140800K, used 81626K [0x0000000080000000, 0x0000000088980000, 0x00000000d5580000)
  object space 140800K, 57% used [0x0000000080000000,0x0000000084fb69c0,0x0000000088980000)
 Metaspace       used 93015K, capacity 98472K, committed 98560K, reserved 1134592K
  class space    used 12534K, capacity 13480K, committed 13568K, reserved 1048576K
Event: 1883.388 GC heap after
Heap after GC invocations=24 (full 4):
 PSYoungGen      total 215552K, used 0K [0x00000000d5580000, 0x00000000e8000000, 0x0000000100000000)
  eden space 181760K, 0% used [0x00000000d5580000,0x00000000d5580000,0x00000000e0700000)
  from space 33792K, 0% used [0x00000000e3300000,0x00000000e3300000,0x00000000e5400000)
  to   space 45056K, 0% used [0x00000000e0700000,0x00000000e0700000,0x00000000e3300000)
 ParOldGen       total 246784K, used 89701K [0x0000000080000000, 0x000000008f100000, 0x00000000d5580000)
  object space 246784K, 36% used [0x0000000080000000,0x00000000857995f0,0x000000008f100000)
 Metaspace       used 92605K, capacity 97316K, committed 98560K, reserved 1134592K
  class space    used 12398K, capacity 13246K, committed 13568K, reserved 1048576K
}
Event: 1885.265 GC heap before
{Heap before GC invocations=25 (full 4):
 PSYoungGen      total 215552K, used 181760K [0x00000000d5580000, 0x00000000e8000000, 0x0000000100000000)
  eden space 181760K, 100% used [0x00000000d5580000,0x00000000e0700000,0x00000000e0700000)
  from space 33792K, 0% used [0x00000000e3300000,0x00000000e3300000,0x00000000e5400000)
  to   space 45056K, 0% used [0x00000000e0700000,0x00000000e0700000,0x00000000e3300000)
 ParOldGen       total 246784K, used 89701K [0x0000000080000000, 0x000000008f100000, 0x00000000d5580000)
  object space 246784K, 36% used [0x0000000080000000,0x00000000857995f0,0x000000008f100000)
 Metaspace       used 92899K, capacity 97646K, committed 98816K, reserved 1134592K
  class space    used 12420K, capacity 13261K, committed 13568K, reserved 1048576K
Event: 1885.277 GC heap after
Heap after GC invocations=25 (full 4):
 PSYoungGen      total 226816K, used 8299K [0x00000000d5580000, 0x00000000e7480000, 0x0000000100000000)
  eden space 181760K, 0% used [0x00000000d5580000,0x00000000d5580000,0x00000000e0700000)
  from space 45056K, 18% used [0x00000000e0700000,0x00000000e0f1ac60,0x00000000e3300000)
  to   space 44544K, 0% used [0x00000000e4900000,0x00000000e4900000,0x00000000e7480000)
 ParOldGen       total 246784K, used 89709K [0x0000000080000000, 0x000000008f100000, 0x00000000d5580000)
  object space 246784K, 36% used [0x0000000080000000,0x000000008579b5f0,0x000000008f100000)
 Metaspace       used 92899K, capacity 97646K, committed 98816K, reserved 1134592K
  class space    used 12420K, capacity 13261K, committed 13568K, reserved 1048576K
}
Event: 3280.675 GC heap before
{Heap before GC invocations=26 (full 4):
 PSYoungGen      total 226816K, used 190059K [0x00000000d5580000, 0x00000000e7480000, 0x0000000100000000)
  eden space 181760K, 100% used [0x00000000d5580000,0x00000000e0700000,0x00000000e0700000)
  from space 45056K, 18% used [0x00000000e0700000,0x00000000e0f1ac60,0x00000000e3300000)
  to   space 44544K, 0% used [0x00000000e4900000,0x00000000e4900000,0x00000000e7480000)
 ParOldGen       total 246784K, used 89709K [0x0000000080000000, 0x000000008f100000, 0x00000000d5580000)
  object space 246784K, 36% used [0x0000000080000000,0x000000008579b5f0,0x000000008f100000)
 Metaspace       used 94278K, capacity 99304K, committed 99968K, reserved 1136640K
  class space    used 12564K, capacity 13466K, committed 13696K, reserved 1048576K
Event: 3280.843 GC heap after
Heap after GC invocations=26 (full 4):
 PSYoungGen      total 238080K, used 10208K [0x00000000d5580000, 0x00000000e6d80000, 0x0000000100000000)
  eden space 200704K, 0% used [0x00000000d5580000,0x00000000d5580000,0x00000000e1980000)
  from space 37376K, 27% used [0x00000000e4900000,0x00000000e52f8218,0x00000000e6d80000)
  to   space 43008K, 0% used [0x00000000e1980000,0x00000000e1980000,0x00000000e4380000)
 ParOldGen       total 246784K, used 89717K [0x0000000080000000, 0x000000008f100000, 0x00000000d5580000)
  object space 246784K, 36% used [0x0000000080000000,0x000000008579d5f0,0x000000008f100000)
 Metaspace       used 94278K, capacity 99304K, committed 99968K, reserved 1136640K
  class space    used 12564K, capacity 13466K, committed 13696K, reserved 1048576K
}

